# JRE version: OpenJDK Runtime Environment (8.0_152-b01) (build 1.8.0_152-release-1343-b01)
# Java VM: OpenJDK 64-Bit Server VM (25.152-b01 mixed mode windows-amd64 compressed oops)
Heap:
 PSYoungGen      total 249856K, used 185279K [0x00000000e0000000, 0x00000000f0900000, 0x0000000100000000)
  eden space 238592K, 77% used [0x00000000e0000000,0x00000000eb4efd48,0x00000000ee900000)
  from space 11264K, 0% used [0x00000000efe00000,0x00000000efe00000,0x00000000f0900000)
  to   space 16384K, 0% used [0x00000000ee900000,0x00000000ee900000,0x00000000ef900000)
 ParOldGen       total 71680K, used 17951K [0x00000000a0000000, 0x00000000a4600000, 0x00000000e0000000)
  object space 71680K, 25% used [0x00000000a0000000,0x00000000a1187f20,0x00000000a4600000)
 Metaspace       used 51746K, capacity 52946K, committed 53160K, reserved 1095680K
  class space    used 6921K, capacity 7237K, committed 7336K, reserved 1048576K
GC Heap History (10 events):
Event: 10.736 GC heap before
{Heap before GC invocations=4 (full 0):
 PSYoungGen      total 70656K, used 54496K [0x00000000e0000000, 0x00000000e8a00000, 0x0000000100000000)
  eden space 65536K, 75% used [0x00000000e0000000,0x00000000e3040190,0x00000000e4000000)
  from space 5120K, 99% used [0x00000000e4000000,0x00000000e44f8020,0x00000000e4500000)
  to   space 5120K, 0% used [0x00000000e8500000,0x00000000e8500000,0x00000000e8a00000)
 ParOldGen       total 86016K, used 5312K [0x00000000a0000000, 0x00000000a5400000, 0x00000000e0000000)
  object space 86016K, 6% used [0x00000000a0000000,0x00000000a0530300,0x00000000a5400000)
 Metaspace       used 20714K, capacity 21144K, committed 21296K, reserved 1067008K
  class space    used 2909K, capacity 3093K, committed 3200K, reserved 1048576K
Event: 10.912 GC heap after
Heap after GC invocations=4 (full 0):
 PSYoungGen      total 136192K, used 5090K [0x00000000e0000000, 0x00000000e8a00000, 0x0000000100000000)
  eden space 131072K, 0% used [0x00000000e0000000,0x00000000e0000000,0x00000000e8000000)
  from space 5120K, 99% used [0x00000000e8500000,0x00000000e89f8a60,0x00000000e8a00000)
  to   space 5120K, 0% used [0x00000000e8000000,0x00000000e8000000,0x00000000e8500000)
 ParOldGen       total 86016K, used 11253K [0x00000000a0000000, 0x00000000a5400000, 0x00000000e0000000)
  object space 86016K, 13% used [0x00000000a0000000,0x00000000a0afd798,0x00000000a5400000)
 Metaspace       used 20714K, capacity 21144K, committed 21296K, reserved 1067008K
  class space    used 2909K, capacity 3093K, committed 3200K, reserved 1048576K
}
Event: 10.912 GC heap before
{Heap before GC invocations=5 (full 1):
 PSYoungGen      total 136192K, used 5090K [0x00000000e0000000, 0x00000000e8a00000, 0x0000000100000000)
  eden space 131072K, 0% used [0x00000000e0000000,0x00000000e0000000,0x00000000e8000000)
  from space 5120K, 99% used [0x00000000e8500000,0x00000000e89f8a60,0x00000000e8a00000)
  to   space 5120K, 0% used [0x00000000e8000000,0x00000000e8000000,0x00000000e8500000)
 ParOldGen       total 86016K, used 11253K [0x00000000a0000000, 0x00000000a5400000, 0x00000000e0000000)
  object space 86016K, 13% used [0x00000000a0000000,0x00000000a0afd798,0x00000000a5400000)
 Metaspace       used 20714K, capacity 21144K, committed 21296K, reserved 1067008K
  class space    used 2909K, capacity 3093K, committed 3200K, reserved 1048576K
Event: 11.138 GC heap after
Heap after GC invocations=5 (full 1):
 PSYoungGen      total 136192K, used 0K [0x00000000e0000000, 0x00000000e8a00000, 0x0000000100000000)
  eden space 131072K, 0% used [0x00000000e0000000,0x00000000e0000000,0x00000000e8000000)
  from space 5120K, 0% used [0x00000000e8500000,0x00000000e8500000,0x00000000e8a00000)
  to   space 5120K, 0% used [0x00000000e8000000,0x00000000e8000000,0x00000000e8500000)
 ParOldGen       total 56320K, used 11007K [0x00000000a0000000, 0x00000000a3700000, 0x00000000e0000000)
  object space 56320K, 19% used [0x00000000a0000000,0x00000000a0abfd88,0x00000000a3700000)
 Metaspace       used 20714K, capacity 21144K, committed 21296K, reserved 1067008K
  class space    used 2909K, capacity 3093K, committed 3200K, reserved 1048576K
}
Event: 15.375 GC heap before
{Heap before GC invocations=6 (full 1):
 PSYoungGen      total 136192K, used 131072K [0x00000000e0000000, 0x00000000e8a00000, 0x0000000100000000)
  eden space 131072K, 100% used [0x00000000e0000000,0x00000000e8000000,0x00000000e8000000)
  from space 5120K, 0% used [0x00000000e8500000,0x00000000e8500000,0x00000000e8a00000)
  to   space 5120K, 0% used [0x00000000e8000000,0x00000000e8000000,0x00000000e8500000)
 ParOldGen       total 56320K, used 11007K [0x00000000a0000000, 0x00000000a3700000, 0x00000000e0000000)
  object space 56320K, 19% used [0x00000000a0000000,0x00000000a0abfd88,0x00000000a3700000)
 Metaspace       used 32250K, capacity 32988K, committed 33152K, reserved 1077248K
  class space    used 4439K, capacity 4653K, committed 4736K, reserved 1048576K
Event: 15.769 GC heap after
Heap after GC invocations=6 (full 1):
 PSYoungGen      total 136192K, used 5120K [0x00000000e0000000, 0x00000000f0e00000, 0x0000000100000000)
  eden space 131072K, 0% used [0x00000000e0000000,0x00000000e0000000,0x00000000e8000000)
  from space 5120K, 100% used [0x00000000e8000000,0x00000000e8500000,0x00000000e8500000)
  to   space 16384K, 0% used [0x00000000efe00000,0x00000000efe00000,0x00000000f0e00000)
 ParOldGen       total 56320K, used 19558K [0x00000000a0000000, 0x00000000a3700000, 0x00000000e0000000)
  object space 56320K, 34% used [0x00000000a0000000,0x00000000a1319990,0x00000000a3700000)
 Metaspace       used 32250K, capacity 32988K, committed 33152K, reserved 1077248K
  class space    used 4439K, capacity 4653K, committed 4736K, reserved 1048576K
}
Event: 26.973 GC heap before
{Heap before GC invocations=7 (full 1):
 PSYoungGen      total 136192K, used 59890K [0x00000000e0000000, 0x00000000f0e00000, 0x0000000100000000)
  eden space 131072K, 41% used [0x00000000e0000000,0x00000000e357ca88,0x00000000e8000000)
  from space 5120K, 100% used [0x00000000e8000000,0x00000000e8500000,0x00000000e8500000)
  to   space 16384K, 0% used [0x00000000efe00000,0x00000000efe00000,0x00000000f0e00000)
 ParOldGen       total 56320K, used 19558K [0x00000000a0000000, 0x00000000a3700000, 0x00000000e0000000)
  object space 56320K, 34% used [0x00000000a0000000,0x00000000a1319990,0x00000000a3700000)
 Metaspace       used 34634K, capacity 35462K, committed 35496K, reserved 1079296K
  class space    used 4792K, capacity 5015K, committed 5032K, reserved 1048576K
Event: 26.989 GC heap after
Heap after GC invocations=7 (full 1):
 PSYoungGen      total 249856K, used 10034K [0x00000000e0000000, 0x00000000f0900000, 0x0000000100000000)
  eden space 238592K, 0% used [0x00000000e0000000,0x00000000e0000000,0x00000000ee900000)
  from space 11264K, 89% used [0x00000000efe00000,0x00000000f07cc998,0x00000000f0900000)
  to   space 16384K, 0% used [0x00000000ee900000,0x00000000ee900000,0x00000000ef900000)
 ParOldGen       total 56320K, used 19566K [0x00000000a0000000, 0x00000000a3700000, 0x00000000e0000000)
  object space 56320K, 34% used [0x00000000a0000000,0x00000000a131b990,0x00000000a3700000)
 Metaspace       used 34634K, capacity 35462K, committed 35496K, reserved 1079296K
  class space    used 4792K, capacity 5015K, committed 5032K, reserved 1048576K
}
Event: 26.989 GC heap before
{Heap before GC invocations=8 (full 2):
 PSYoungGen      total 249856K, used 10034K [0x00000000e0000000, 0x00000000f0900000, 0x0000000100000000)
  eden space 238592K, 0% used [0x00000000e0000000,0x00000000e0000000,0x00000000ee900000)
  from space 11264K, 89% used [0x00000000efe00000,0x00000000f07cc998,0x00000000f0900000)
  to   space 16384K, 0% used [0x00000000ee900000,0x00000000ee900000,0x00000000ef900000)
 ParOldGen       total 56320K, used 19566K [0x00000000a0000000, 0x00000000a3700000, 0x00000000e0000000)
  object space 56320K, 34% used [0x00000000a0000000,0x00000000a131b990,0x00000000a3700000)
 Metaspace       used 34634K, capacity 35462K, committed 35496K, reserved 1079296K
  class space    used 4792K, capacity 5015K, committed 5032K, reserved 1048576K
Event: 27.144 GC heap after
Heap after GC invocations=8 (full 2):
 PSYoungGen      total 249856K, used 0K [0x00000000e0000000, 0x00000000f0900000, 0x0000000100000000)
  eden space 238592K, 0% used [0x00000000e0000000,0x00000000e0000000,0x00000000ee900000)
  from space 11264K, 0% used [0x00000000efe00000,0x00000000efe00000,0x00000000f0900000)
  to   space 16384K, 0% used [0x00000000ee900000,0x00000000ee900000,0x00000000ef900000)
 ParOldGen       total 71680K, used 17951K [0x00000000a0000000, 0x00000000a4600000, 0x00000000e0000000)
  object space 71680K, 25% used [0x00000000a0000000,0x00000000a1187f20,0x00000000a4600000)
 Metaspace       used 34634K, capacity 35462K, committed 35496K, reserved 1079296K
  class space    used 4792K, capacity 5015K, committed 5032K, reserved 1048576K
}

